<?xml version="1.0" encoding="UTF-8" standalone="no"?>
<testsuite failures="1" name="cucumber.runtime.formatter.JUnitFormatter" skipped="0" tests="2" time="32.18278">
<testcase classname="Validations for MMT HomePage" name="Verify the title of homepage" time="16.331652">
<system-out><![CDATA[Given Launch the HomePage...................................................passed
Then Verify the title of homepage...........................................passed
]]></system-out>
</testcase>
<testcase classname="Validations for MMT HomePage" name="Verify basic componenets of HomePage" time="15.851128">
<failure message="java.lang.AssertionError: expected [false] but found [true]&#13;&#10;&#9;at org.testng.Assert.fail(Assert.java:94)&#13;&#10;&#9;at org.testng.Assert.failNotEquals(Assert.java:494)&#13;&#10;&#9;at org.testng.Assert.assertFalse(Assert.java:63)&#13;&#10;&#9;at org.testng.Assert.assertFalse(Assert.java:73)&#13;&#10;&#9;at reporting.ReportingClass.infoLogFail(ReportingClass.java:55)&#13;&#10;&#9;at reporting.ReportingClass.reportFailure(ReportingClass.java:35)&#13;&#10;&#9;at stepDefination.MMTHomePageTest.verify_below_basic_attributes_of_the_homepage(MMTHomePageTest.java:70)&#13;&#10;&#9;at ✽.Verify below basic attributes of the homepage:(src/test/resources/functionalTestCases/MMTHomePage.feature:10)&#13;&#10;"><![CDATA[Given Launch the HomePage...................................................passed
Then Verify below basic attributes of the homepage:.........................failed

StackTrace:
java.lang.AssertionError: expected [false] but found [true]
	at org.testng.Assert.fail(Assert.java:94)
	at org.testng.Assert.failNotEquals(Assert.java:494)
	at org.testng.Assert.assertFalse(Assert.java:63)
	at org.testng.Assert.assertFalse(Assert.java:73)
	at reporting.ReportingClass.infoLogFail(ReportingClass.java:55)
	at reporting.ReportingClass.reportFailure(ReportingClass.java:35)
	at stepDefination.MMTHomePageTest.verify_below_basic_attributes_of_the_homepage(MMTHomePageTest.java:70)
	at ✽.Verify below basic attributes of the homepage:(src/test/resources/functionalTestCases/MMTHomePage.feature:10)
]]></failure>
</testcase>
</testsuite>
